{
  "RSpec": {
    "coverage": {
      "/home/abstract-convention-6456/tic-tac-toe-rb-online-web-sp-000/lib/tic_tac_toe.rb": [
        null,
        1,
        null,
        null,
        null,
        null,
        null,
        null,
        null,
        null,
        null,
        null,
        1,
        16,
        16,
        16,
        16,
        16,
        null,
        null,
        null,
        1,
        16,
        null,
        null,
        1,
        16,
        0,
        0,
        null,
        16,
        null,
        null,
        null,
        null,
        1,
        16,
        16,
        null,
        0,
        0,
        null,
        null,
        null,
        null,
        1,
        16,
        null,
        null,
        null,
        1,
        16,
        16,
        16,
        null,
        16,
        16,
        16,
        null,
        0,
        null,
        null,
        null,
        null,
        1,
        36,
        36,
        324,
        59,
        null,
        null,
        36,
        null,
        null,
        null,
        1,
        36,
        21,
        null,
        15,
        null,
        null,
        null,
        null,
        1,
        37,
        781,
        330,
        null,
        37,
        null,
        null,
        null,
        1,
        134,
        null,
        null,
        null,
        1,
        13,
        null,
        null,
        null,
        1,
        17,
        5,
        12,
        3,
        null,
        null,
        null,
        null,
        1,
        4,
        4,
        null,
        null,
        null,
        null,
        1,
        12,
        16,
        null,
        null,
        12,
        5,
        7,
        3,
        null,
        4,
        null,
        null
      ]
    },
    "timestamp": 1582414359
  }
}
