{
  "RSpec": {
    "coverage": {
      "/home/abstract-convention-6456/tic-tac-toe-rb-online-web-sp-000/lib/tic_tac_toe.rb": [
        null,
        1,
        null,
        null,
        null,
        null,
        null,
        null,
        null,
        null,
        null,
        null,
        1,
        7,
        7,
        7,
        7,
        7,
        null,
        null,
        null,
        1,
        7,
        null,
        null,
        1,
        7,
        0,
        0,
        null,
        7,
        null,
        null,
        null,
        null,
        1,
        7,
        7,
        null,
        0,
        0,
        null,
        null,
        null,
        null,
        1,
        7,
        null,
        null,
        null,
        1,
        7,
        7,
        7,
        null,
        7,
        7,
        7,
        null,
        0,
        null,
        null,
        null,
        null,
        1,
        21,
        21,
        189,
        15,
        null,
        null,
        21,
        null,
        null,
        null,
        1,
        21,
        14,
        null,
        7,
        null,
        null,
        null,
        null,
        1,
        26,
        534,
        228,
        null,
        26,
        null,
        null,
        null,
        1,
        69,
        null,
        null,
        null,
        1,
        10,
        null,
        null,
        null,
        1,
        8,
        3,
        5,
        2,
        null,
        null,
        null,
        null,
        1,
        3,
        3,
        null,
        null,
        null,
        null,
        1,
        12,
        7,
        null,
        null,
        12,
        3,
        9,
        2,
        null,
        7,
        null,
        null
      ]
    },
    "timestamp": 1582412760
  }
}
